<?xml version="1.0" encoding="UTF-8"?>
<testng-results ignored="0" total="1" passed="1" failed="0" skipped="0">
  <reporter-output>
  </reporter-output>
  <suite started-at="2024-10-22T17:12:44 IST" name="Default suite" finished-at="2024-10-22T17:12:58 IST" duration-ms="14469">
    <groups>
      <group name="cucumber">
        <method signature="AbstractTestNGCucumberTests.runScenario(io.cucumber.testng.PickleWrapper, io.cucumber.testng.FeatureWrapper)[pri:0, instance:testrunner.TestrunGallery@428640fa]" name="runScenario" class="io.cucumber.testng.AbstractTestNGCucumberTests"/>
      </group> <!-- cucumber -->
    </groups>
    <test started-at="2024-10-22T17:12:44 IST" name="Default test" finished-at="2024-10-22T17:12:58 IST" duration-ms="14469">
      <class name="testrunner.TestrunGallery">
        <test-method is-config="true" signature="setUpClass(org.testng.ITestContext)[pri:0, instance:testrunner.TestrunGallery@428640fa]" started-at="2024-10-22T17:12:44 IST" name="setUpClass" finished-at="2024-10-22T17:12:45 IST" duration-ms="945" status="PASS">
          <params>
            <param index="0">
              <value>
                <![CDATA[org.testng.TestRunner@4832f03b]]>
              </value>
            </param>
          </params>
          <reporter-output>
          </reporter-output>
        </test-method> <!-- setUpClass -->
        <test-method signature="runScenario(io.cucumber.testng.PickleWrapper, io.cucumber.testng.FeatureWrapper)[pri:0, instance:testrunner.TestrunGallery@428640fa]" started-at="2024-10-22T17:12:45 IST" name="runScenario" description="Runs Cucumber Scenarios" data-provider="scenarios" finished-at="2024-10-22T17:12:58 IST" duration-ms="13325" status="PASS">
          <params>
            <param index="0">
              <value>
                <![CDATA["Gallery"]]>
              </value>
            </param>
            <param index="1">
              <value>
                <![CDATA["Gallery"]]>
              </value>
            </param>
          </params>
          <reporter-output>
          </reporter-output>
        </test-method> <!-- runScenario -->
        <test-method is-config="true" signature="tearDownClass()[pri:0, instance:testrunner.TestrunGallery@428640fa]" started-at="2024-10-22T17:12:58 IST" name="tearDownClass" finished-at="2024-10-22T17:12:58 IST" duration-ms="157" status="PASS">
          <reporter-output>
          </reporter-output>
        </test-method> <!-- tearDownClass -->
      </class> <!-- testrunner.TestrunGallery -->
    </test> <!-- Default test -->
  </suite> <!-- Default suite -->
</testng-results>
